<?xml version="1.0" encoding="UTF-8"?>
<!-- Generated by org.testng.reporters.JUnitReportReporter -->
<testsuite hostname="DESKTOP-6D8D7QH" failures="0" tests="1" name="Marah.Admin.Panel.Services_Types" time="17.204" errors="0" timestamp="11 Jul 2021 11:52:53 GMT">
  <testcase classname="Marah.Admin.Panel.Services_Types" name="edit_services_types" time="17.204"/>
</testsuite> <!-- Marah.Admin.Panel.Services_Types -->
