<?xml version="1.0" encoding="UTF-8"?>
<!-- Generated by org.testng.reporters.JUnitReportReporter -->
<testsuite hostname="DESKTOP-6D8D7QH" failures="0" tests="3" name="Marah.Admin.Panel.Login$Login_customer" time="12.951" errors="0" timestamp="11 Jul 2021 11:55:25 GMT">
  <testcase classname="Marah.Admin.Panel.Login$Login_customer" name="login_with_invalid_credentials" time="3.679"/>
  <testcase classname="Marah.Admin.Panel.Login$Login_customer" name="login_with_valid_credentials" time="9.164"/>
  <testcase classname="Marah.Admin.Panel.Login$Login_customer" name="login_with_empty_data" time="0.108"/>
</testsuite> <!-- Marah.Admin.Panel.Login$Login_customer -->
